<?xml version="1.0" encoding="UTF-8"?>
<!-- Generated by org.testng.reporters.JUnitReportReporter -->
<testsuite hostname="ATMECSINLT-601" failures="0" tests="1" name="com.atmecs.redbus.testscript.SingupTest" time="17.143" errors="0" timestamp="2020-12-11T12:45:46 IST" skipped="0">
  <testcase classname="com.atmecs.redbus.testscript.SingupTest" name="signupTest" time="17.143"/>
  <system-out/>
</testsuite> <!-- com.atmecs.redbus.testscript.SingupTest -->
